Code/Face Mask Detection(Mobile Application)/Build/url_launcher_macos/intermediates/manifest_merge_blame_file/debug/manifest-merger-blame-debug-report.txt
1<?xml version="1.0" encoding="utf-8"?>
2<manifest xmlns:android="http://schemas.android.com/apk/res/android"
3    package="io.flutter.plugins.url_launcher_macos" >
4
5    <uses-sdk
6        android:minSdkVersion="16"
6-->src\main\AndroidManifest.xml
7        android:targetSdkVersion="16" />
7-->src\main\AndroidManifest.xml
8
9</manifest>